0 info it worked if it ends with ok
1 verbose cli [ '/Users/alfiyusrina/.nvm/versions/node/v7.7.1/bin/node',
1 verbose cli   '/Users/alfiyusrina/.nvm/versions/node/v7.7.1/bin/npm',
1 verbose cli   'run',
1 verbose cli   'development' ]
2 info using npm@4.1.2
3 info using node@v7.7.1
4 verbose run-script [ 'predevelopment', 'development', 'postdevelopment' ]
5 info lifecycle tribute@0.1.0~predevelopment: tribute@0.1.0
6 silly lifecycle tribute@0.1.0~predevelopment: no script for predevelopment, continuing
7 info lifecycle tribute@0.1.0~development: tribute@0.1.0
8 verbose lifecycle tribute@0.1.0~development: unsafe-perm in lifecycle true
9 verbose lifecycle tribute@0.1.0~development: PATH: /Users/alfiyusrina/.nvm/versions/node/v7.7.1/lib/node_modules/npm/bin/node-gyp-bin:/Users/alfiyusrina/Google Drive/DEVINE/2nd year/MAIV/tribute/node_modules/.bin:/Users/alfiyusrina/.nvm/versions/node/v7.7.1/bin:/usr/local/bin:/usr/bin:/bin:/usr/sbin:/sbin
10 verbose lifecycle tribute@0.1.0~development: CWD: /Users/alfiyusrina/Google Drive/DEVINE/2nd year/MAIV/tribute
11 silly lifecycle tribute@0.1.0~development: Args: [ '-c',
11 silly lifecycle   'npm run clean && NODE_ENV=development webpack-dev-server --open' ]
12 silly lifecycle tribute@0.1.0~development: Returned: code: 1  signal: null
13 info lifecycle tribute@0.1.0~development: Failed to exec development script
14 verbose stack Error: tribute@0.1.0 development: `npm run clean && NODE_ENV=development webpack-dev-server --open`
14 verbose stack Exit status 1
14 verbose stack     at EventEmitter.<anonymous> (/Users/alfiyusrina/.nvm/versions/node/v7.7.1/lib/node_modules/npm/lib/utils/lifecycle.js:279:16)
14 verbose stack     at emitTwo (events.js:106:13)
14 verbose stack     at EventEmitter.emit (events.js:194:7)
14 verbose stack     at ChildProcess.<anonymous> (/Users/alfiyusrina/.nvm/versions/node/v7.7.1/lib/node_modules/npm/lib/utils/spawn.js:40:14)
14 verbose stack     at emitTwo (events.js:106:13)
14 verbose stack     at ChildProcess.emit (events.js:194:7)
14 verbose stack     at maybeClose (internal/child_process.js:899:16)
14 verbose stack     at Process.ChildProcess._handle.onexit (internal/child_process.js:226:5)
15 verbose pkgid tribute@0.1.0
16 verbose cwd /Users/alfiyusrina/Google Drive/DEVINE/2nd year/MAIV/tribute
17 error Darwin 16.4.0
18 error argv "/Users/alfiyusrina/.nvm/versions/node/v7.7.1/bin/node" "/Users/alfiyusrina/.nvm/versions/node/v7.7.1/bin/npm" "run" "development"
19 error node v7.7.1
20 error npm  v4.1.2
21 error code ELIFECYCLE
22 error tribute@0.1.0 development: `npm run clean && NODE_ENV=development webpack-dev-server --open`
22 error Exit status 1
23 error Failed at the tribute@0.1.0 development script 'npm run clean && NODE_ENV=development webpack-dev-server --open'.
23 error Make sure you have the latest version of node.js and npm installed.
23 error If you do, this is most likely a problem with the tribute package,
23 error not with npm itself.
23 error Tell the author that this fails on your system:
23 error     npm run clean && NODE_ENV=development webpack-dev-server --open
23 error You can get information on how to open an issue for this project with:
23 error     npm bugs tribute
23 error Or if that isn't available, you can get their info via:
23 error     npm owner ls tribute
23 error There is likely additional logging output above.
24 verbose exit [ 1, true ]
